Added Component: Designator=C4(CAPPR5-6.3x11)
Add component. Clean all parameters for all variants
Add component (AddParameter): Name = "Manufacturer"; Value = ""; VariantName = "[No Variations]"
Add component (AddParameter): Name = "Package Type"; Value = ""; VariantName = "[No Variations]"
Add component (AddParameter): Name = "PartNumber"; Value = ""; VariantName = "[No Variations]"
Add component (AddParameter): Name = "Value"; Value = ""; VariantName = "[No Variations]"
Added Component: Designator=P9(KRE-2)
Add component. Clean all parameters for all variants
Added Component: Designator=U5(LM7805 - STEPDOWN)
Add component. Clean all parameters for all variants
Added Pin To Net: NetName=+12 Pin=C4-1
Added Pin To Net: NetName=GND Pin=C4-2
Added Pin To Net: NetName=GND Pin=P9-1
Added Pin To Net: NetName=GND Pin=U5-2
Added Pin To Net: NetName=GND Pin=U5-2
Added Pin To Net: NetName=+12 Pin=U5-3
Added Pin To Net: NetName=NetP9_2 Pin=P9-2
Added Pin To Net: NetName=NetP9_2 Pin=U5-1
Added Net: Name=NetP9_2
Added Member To Class: ClassName=esquematicoOPTO Member=Component C4 Capacitor Pol
Added Member To Class: ClassName=esquematicoOPTO Member=Component P9 Alimentacao
Added Member To Class: ClassName=esquematicoOPTO Member=Component U5 LM7805
Added Room: Name=esquematicoOPTO
