Removed Pin From Net: NetName=+5 Pin=C4-1
Removed Pin From Net: NetName=GND Pin=C4-2
Removed Pin From Net: NetName=GNDX Pin=U1-4
Removed Pin From Net: NetName=Net*_4 Pin=U1-5
Removed Pin From Net: NetName=GNDX Pin=U2-4
Removed Pin From Net: NetName=Net*_3 Pin=U2-5
Removed Pin From Net: NetName=GNDX Pin=U3-4
Removed Pin From Net: NetName=Net*_2 Pin=U3-5
Removed Pin From Net: NetName=+12 Pin=U?-1
Removed Pin From Net: NetName=GND Pin=U?-2
Removed Pin From Net: NetName=+5 Pin=U?-3
Change Component Footprint: Designator=U1 Old Footprint=4N35 New Footprint=DIP-4
Change Component Footprint: Designator=U2 Old Footprint=4N35 New Footprint=DIP-4
Change Component Footprint: Designator=U3 Old Footprint=4N35 New Footprint=DIP-4
Change Component Footprint: Designator=C4 Old Footprint=CAPPR5-6.3X11 New Footprint=cap_rad_d6.3X11POL
Change Component Comment : Designator=C4 Old Comment=Capacitor Pol New Comment=100uF
Change Component Designator: OldDesignator=C? NewDesignator=C5
Change Component Designator: OldDesignator=C? NewDesignator=C6
Change Component Designator: OldDesignator=C? NewDesignator=C7
Change Component Designator: OldDesignator=U? NewDesignator=U5
Added Component: Designator=C8(cap_rad_d6.3X11POL)
Add component (AddParameter): Name = "Manufacturer"; Value = ""; VariantName = "[No Variations]"
Add component (AddParameter): Name = "Package Type"; Value = ""; VariantName = "[No Variations]"
Add component (AddParameter): Name = "PartNumber"; Value = ""; VariantName = "[No Variations]"
Add component (AddParameter): Name = "Value"; Value = ""; VariantName = "[No Variations]"
Added Component: Designator=U6(LM7805)
Added Pin To Net: NetName=+12 Pin=C4-1
Added Pin To Net: NetName=+5 Pin=C8-1
Added Pin To Net: NetName=GND Pin=C8-2
Added Pin To Net: NetName=GNDX Pin=U1-3
Added Pin To Net: NetName=Net*_4 Pin=U1-4
Added Pin To Net: NetName=GNDX Pin=U2-3
Added Pin To Net: NetName=Net*_3 Pin=U2-4
Added Pin To Net: NetName=GNDX Pin=U3-3
Added Pin To Net: NetName=Net*_2 Pin=U3-4
Added Pin To Net: NetName=+12 Pin=U6-1
Added Pin To Net: NetName=GND Pin=U6-2
Added Pin To Net: NetName=+5 Pin=U6-3
Added Member To Class: ClassName=esquematicoOPTO Member=Component C6 10n
Added Member To Class: ClassName=esquematicoOPTO Member=Component C7 10n
Added Member To Class: ClassName=esquematicoOPTO Member=Component C8 100uF
Added Member To Class: ClassName=esquematicoOPTO Member=Component U6 LM7812
Added Room: Name=esquematicoOPTO
