Removed Pin From Net: NetName=NetC1_2 Pin=U1-1
Removed Pin From Net: NetName=NetC1_1 Pin=U1-2
Removed Pin From Net: NetName=GNDX Pin=U1-3
Removed Pin From Net: NetName=Net*_4 Pin=U1-4
Removed Pin From Net: NetName=NetC2_2 Pin=U2-1
Removed Pin From Net: NetName=NetC2_1 Pin=U2-2
Removed Pin From Net: NetName=GNDX Pin=U2-3
Removed Pin From Net: NetName=Net*_3 Pin=U2-4
Removed Pin From Net: NetName=NetC3_2 Pin=U3-1
Removed Pin From Net: NetName=NetC3_1 Pin=U3-2
Removed Pin From Net: NetName=GNDX Pin=U3-3
Removed Pin From Net: NetName=Net*_2 Pin=U3-4
Change Component Footprint: Designator=U1 Old Footprint=DIP-4 New Footprint=4n35
Change Component Footprint: Designator=U2 Old Footprint=DIP-4 New Footprint=4n35
Change Component Footprint: Designator=U3 Old Footprint=DIP-4 New Footprint=4n35
Added Pin To Net: NetName=NetC2_2 Pin=U1-1
Added Pin To Net: NetName=NetC2_1 Pin=U1-2
Added Pin To Net: NetName=GNDX Pin=U1-4
Added Pin To Net: NetName=Net*_3 Pin=U1-5
Added Pin To Net: NetName=NetC3_2 Pin=U2-1
Added Pin To Net: NetName=NetC3_1 Pin=U2-2
Added Pin To Net: NetName=GNDX Pin=U2-4
Added Pin To Net: NetName=Net*_2 Pin=U2-5
Added Pin To Net: NetName=NetC1_2 Pin=U3-1
Added Pin To Net: NetName=NetC1_1 Pin=U3-2
Added Pin To Net: NetName=GNDX Pin=U3-4
Added Pin To Net: NetName=Net*_4 Pin=U3-5
Added Room: Name=esquematicoOPTO
