Removed Pin From Net: NetName=NetC1_2 Pin=P1-1
Removed Pin From Net: NetName=+12 Pin=P1-2
Removed Pin From Net: NetName=NetC1_2 Pin=P2-1
Removed Pin From Net: NetName=+12 Pin=P2-2
Removed Pin From Net: NetName=NetC2_2 Pin=P3-1
Removed Pin From Net: NetName=+12 Pin=P3-2
Removed Pin From Net: NetName=NetC2_2 Pin=P4-1
Removed Pin From Net: NetName=+12 Pin=P4-2
Removed Pin From Net: NetName=NetC3_2 Pin=P5-1
Removed Pin From Net: NetName=+12 Pin=P5-2
Removed Pin From Net: NetName=NetC3_2 Pin=P6-1
Removed Pin From Net: NetName=+12 Pin=P6-2
Removed Member From Class: ClassName=esquematicoOPTO Member=P7
Added Component: Designator=*(HDR1x5M)
Add component. Clean all parameters for all variants
Added Pin To Net: NetName=GND Pin=*-5
Added Pin To Net: NetName=+12 Pin=P1-1
Added Pin To Net: NetName=NetC1_2 Pin=P1-2
Added Pin To Net: NetName=+12 Pin=P2-1
Added Pin To Net: NetName=NetC1_2 Pin=P2-2
Added Pin To Net: NetName=+12 Pin=P3-1
Added Pin To Net: NetName=NetC2_2 Pin=P3-2
Added Pin To Net: NetName=+12 Pin=P4-1
Added Pin To Net: NetName=NetC2_2 Pin=P4-2
Added Pin To Net: NetName=+12 Pin=P5-1
Added Pin To Net: NetName=NetC3_2 Pin=P5-2
Added Pin To Net: NetName=+12 Pin=P6-1
Added Pin To Net: NetName=NetC3_2 Pin=P6-2
Added Pin To Net: NetName=Net*_1 Pin=*-1
Added Pin To Net: NetName=Net*_1 Pin=R10-2
Added Net: Name=Net*_1
Added Pin To Net: NetName=Net*_2 Pin=*-2
Added Pin To Net: NetName=Net*_2 Pin=R3-1
Added Pin To Net: NetName=Net*_2 Pin=U3-5
Added Net: Name=Net*_2
Added Pin To Net: NetName=Net*_3 Pin=*-3
Added Pin To Net: NetName=Net*_3 Pin=R2-1
Added Pin To Net: NetName=Net*_3 Pin=U2-5
Added Net: Name=Net*_3
Added Pin To Net: NetName=Net*_4 Pin=*-4
Added Pin To Net: NetName=Net*_4 Pin=R1-1
Added Pin To Net: NetName=Net*_4 Pin=U1-5
Added Net: Name=Net*_4
Added Member To Class: ClassName=esquematicoOPTO Member=Component * Header 5
Added Room: Name=esquematicoOPTO
