Removed Pin From Net: NetName=GND Pin=Designator1-1
Removed Pin From Net: NetName=GND Pin=Designator2-1
Removed Pin From Net: NetName=GND Pin=Designator3-1
Removed Pin From Net: NetName=GND Pin=Designator4-1
Removed Pin From Net: NetName=GND Pin=U1-4
Removed Pin From Net: NetName=NetP7_1 Pin=U1-6
Removed Pin From Net: NetName=GND Pin=U2-4
Removed Pin From Net: NetName=NetP7_2 Pin=U2-6
Removed Pin From Net: NetName=GND Pin=U3-4
Removed Pin From Net: NetName=NetP7_3 Pin=U3-6
Removed Pin From Net: NetName=NetR11_2 Pin=U4-4
Removed Pin From Net: NetName=+12 Pin=U4-6
Change Component Footprint: Designator=U1 Old Footprint=4n35 New Footprint=DIP-4
Change Component Footprint: Designator=U2 Old Footprint=4n35 New Footprint=DIP-4
Change Component Footprint: Designator=U3 Old Footprint=4n35 New Footprint=DIP-4
Change Component Footprint: Designator=U4 Old Footprint=4n35 New Footprint=DIP-4
Change Component Comment : Designator=U1 Old Comment=4n35 New Comment=Optoisolator1
Change Component Comment : Designator=U2 Old Comment=4n35 New Comment=Optoisolator1
Change Component Comment : Designator=U3 Old Comment=4n35 New Comment=Optoisolator1
Change Component Library : Designator=U1 Old Library=Basic Library.IntLib New Library=Symbols.SchLib
Change Component Library : Designator=U2 Old Library=Basic Library.IntLib New Library=Symbols.SchLib
Change Component Library : Designator=U3 Old Library=Basic Library.IntLib New Library=Symbols.SchLib
Change Component Library : Designator=U4 Old Library=Basic Library.IntLib New Library=Symbols.SchLib
Added Pin To Net: NetName=GND Pin=U1-3
Added Pin To Net: NetName=NetP7_1 Pin=U1-4
Added Pin To Net: NetName=GND Pin=U2-3
Added Pin To Net: NetName=NetP7_2 Pin=U2-4
Added Pin To Net: NetName=GND Pin=U3-3
Added Pin To Net: NetName=NetP7_3 Pin=U3-4
Added Pin To Net: NetName=NetR11_2 Pin=U4-3
Added Pin To Net: NetName=+12 Pin=U4-4
Added Room: Name=esquematicoOPTO
